1748623835.519298 client started (21177): version 3.5a, socket /private/tmp/tmux-502/default, protocol 8
1748623835.519370 on Darwin 23.6.0 Darwin Kernel Version 23.6.0: Thu Apr 24 20:29:29 PDT 2025; root:xnu-10063.141.1.705.2~1/RELEASE_ARM64_T6020
1748623835.519387 using libevent 2.1.12-stable select
1748623835.519427 using utf8proc 2.10.0
1748623835.519435 using ncurses 6.5 20240427
1748623835.519456 flags are 0x18010000
1748623835.519464 socket is /private/tmp/tmux-502/default
1748623835.519476 trying connect
1748623835.519537 add peer 0x138008000: 6 (0x0)
1748623835.521919 sending message 111 to peer 0x138008000 (8 bytes)
1748623835.521943 sending message 111 to peer 0x138008000 (8 bytes)
1748623835.521950 sending message 101 to peer 0x138008000 (15 bytes)
1748623835.521957 sending message 109 to peer 0x138008000 (4 bytes)
1748623835.521963 sending message 102 to peer 0x138008000 (13 bytes)
1748623835.521969 sending message 108 to peer 0x138008000 (24 bytes)
1748623835.521976 sending message 112 to peer 0x138008000 (58 bytes)
1748623835.521982 sending message 112 to peer 0x138008000 (5 bytes)
1748623835.521988 sending message 112 to peer 0x138008000 (5 bytes)
1748623835.521994 sending message 112 to peer 0x138008000 (6 bytes)
1748623835.522000 sending message 112 to peer 0x138008000 (6 bytes)
1748623835.522006 sending message 112 to peer 0x138008000 (11 bytes)
1748623835.522026 sending message 112 to peer 0x138008000 (10 bytes)
1748623835.522032 sending message 112 to peer 0x138008000 (13 bytes)
1748623835.522038 sending message 112 to peer 0x138008000 (14 bytes)
1748623835.522044 sending message 112 to peer 0x138008000 (19 bytes)
1748623835.522050 sending message 112 to peer 0x138008000 (11 bytes)
1748623835.522056 sending message 112 to peer 0x138008000 (10 bytes)
1748623835.522062 sending message 112 to peer 0x138008000 (15 bytes)
1748623835.522068 sending message 112 to peer 0x138008000 (21 bytes)
1748623835.522074 sending message 112 to peer 0x138008000 (13 bytes)
1748623835.522080 sending message 112 to peer 0x138008000 (7 bytes)
1748623835.522086 sending message 112 to peer 0x138008000 (13 bytes)
1748623835.522092 sending message 112 to peer 0x138008000 (7 bytes)
1748623835.522106 sending message 112 to peer 0x138008000 (13 bytes)
1748623835.522113 sending message 112 to peer 0x138008000 (9 bytes)
1748623835.522119 sending message 112 to peer 0x138008000 (21 bytes)
1748623835.522125 sending message 112 to peer 0x138008000 (13 bytes)
1748623835.522131 sending message 112 to peer 0x138008000 (9 bytes)
1748623835.522137 sending message 112 to peer 0x138008000 (16 bytes)
1748623835.522143 sending message 112 to peer 0x138008000 (13 bytes)
1748623835.522149 sending message 112 to peer 0x138008000 (9 bytes)
1748623835.522154 sending message 112 to peer 0x138008000 (9 bytes)
1748623835.522160 sending message 112 to peer 0x138008000 (12 bytes)
1748623835.522167 sending message 112 to peer 0x138008000 (8 bytes)
1748623835.522173 sending message 112 to peer 0x138008000 (8 bytes)
1748623835.522179 sending message 112 to peer 0x138008000 (13 bytes)
1748623835.522185 sending message 112 to peer 0x138008000 (7 bytes)
1748623835.522191 sending message 112 to peer 0x138008000 (7 bytes)
1748623835.522197 sending message 112 to peer 0x138008000 (9 bytes)
1748623835.522203 sending message 112 to peer 0x138008000 (9 bytes)
1748623835.522209 sending message 112 to peer 0x138008000 (15 bytes)
1748623835.522215 sending message 112 to peer 0x138008000 (13 bytes)
1748623835.522221 sending message 112 to peer 0x138008000 (12 bytes)
1748623835.522227 sending message 112 to peer 0x138008000 (8 bytes)
1748623835.522233 sending message 112 to peer 0x138008000 (14 bytes)
1748623835.522239 sending message 112 to peer 0x138008000 (11 bytes)
1748623835.522245 sending message 112 to peer 0x138008000 (9 bytes)
1748623835.522251 sending message 112 to peer 0x138008000 (10 bytes)
1748623835.522257 sending message 112 to peer 0x138008000 (10 bytes)
1748623835.522263 sending message 112 to peer 0x138008000 (10 bytes)
1748623835.522278 sending message 112 to peer 0x138008000 (10 bytes)
1748623835.522302 sending message 112 to peer 0x138008000 (11 bytes)
1748623835.522306 sending message 112 to peer 0x138008000 (12 bytes)
1748623835.522311 sending message 112 to peer 0x138008000 (12 bytes)
1748623835.522315 sending message 112 to peer 0x138008000 (12 bytes)
1748623835.522319 sending message 112 to peer 0x138008000 (12 bytes)
1748623835.522324 sending message 112 to peer 0x138008000 (12 bytes)
1748623835.522328 sending message 112 to peer 0x138008000 (11 bytes)
1748623835.522332 sending message 112 to peer 0x138008000 (11 bytes)
1748623835.522336 sending message 112 to peer 0x138008000 (12 bytes)
1748623835.522341 sending message 112 to peer 0x138008000 (12 bytes)
1748623835.522345 sending message 112 to peer 0x138008000 (12 bytes)
1748623835.522349 sending message 112 to peer 0x138008000 (12 bytes)
1748623835.522353 sending message 112 to peer 0x138008000 (12 bytes)
1748623835.522366 sending message 112 to peer 0x138008000 (9 bytes)
1748623835.522378 sending message 112 to peer 0x138008000 (12 bytes)
1748623835.522383 sending message 112 to peer 0x138008000 (13 bytes)
1748623835.522387 sending message 112 to peer 0x138008000 (13 bytes)
1748623835.522391 sending message 112 to peer 0x138008000 (13 bytes)
1748623835.522395 sending message 112 to peer 0x138008000 (13 bytes)
1748623835.522400 sending message 112 to peer 0x138008000 (13 bytes)
1748623835.522404 sending message 112 to peer 0x138008000 (8 bytes)
1748623835.522408 sending message 112 to peer 0x138008000 (11 bytes)
1748623835.522412 sending message 112 to peer 0x138008000 (11 bytes)
1748623835.522417 sending message 112 to peer 0x138008000 (11 bytes)
1748623835.522421 sending message 112 to peer 0x138008000 (12 bytes)
1748623835.522425 sending message 112 to peer 0x138008000 (12 bytes)
1748623835.522429 sending message 112 to peer 0x138008000 (12 bytes)
1748623835.522433 sending message 112 to peer 0x138008000 (12 bytes)
1748623835.522438 sending message 112 to peer 0x138008000 (13 bytes)
1748623835.522442 sending message 112 to peer 0x138008000 (13 bytes)
1748623835.522446 sending message 112 to peer 0x138008000 (13 bytes)
1748623835.522450 sending message 112 to peer 0x138008000 (8 bytes)
1748623835.522454 sending message 112 to peer 0x138008000 (13 bytes)
1748623835.522459 sending message 112 to peer 0x138008000 (13 bytes)
1748623835.522463 sending message 112 to peer 0x138008000 (13 bytes)
1748623835.522467 sending message 112 to peer 0x138008000 (13 bytes)
1748623835.522471 sending message 112 to peer 0x138008000 (13 bytes)
1748623835.522476 sending message 112 to peer 0x138008000 (12 bytes)
1748623835.522480 sending message 112 to peer 0x138008000 (12 bytes)
1748623835.522484 sending message 112 to peer 0x138008000 (12 bytes)
1748623835.522488 sending message 112 to peer 0x138008000 (12 bytes)
1748623835.522492 sending message 112 to peer 0x138008000 (13 bytes)
1748623835.522496 sending message 112 to peer 0x138008000 (8 bytes)
1748623835.522501 sending message 112 to peer 0x138008000 (13 bytes)
1748623835.522505 sending message 112 to peer 0x138008000 (13 bytes)
1748623835.522509 sending message 112 to peer 0x138008000 (13 bytes)
1748623835.522513 sending message 112 to peer 0x138008000 (13 bytes)
1748623835.522518 sending message 112 to peer 0x138008000 (13 bytes)
1748623835.522522 sending message 112 to peer 0x138008000 (13 bytes)
1748623835.522526 sending message 112 to peer 0x138008000 (13 bytes)
1748623835.522530 sending message 112 to peer 0x138008000 (12 bytes)
1748623835.522534 sending message 112 to peer 0x138008000 (12 bytes)
1748623835.522538 sending message 112 to peer 0x138008000 (12 bytes)
1748623835.522543 sending message 112 to peer 0x138008000 (8 bytes)
1748623835.522547 sending message 112 to peer 0x138008000 (12 bytes)
1748623835.522551 sending message 112 to peer 0x138008000 (13 bytes)
1748623835.522555 sending message 112 to peer 0x138008000 (13 bytes)
1748623835.522559 sending message 112 to peer 0x138008000 (13 bytes)
1748623835.522573 sending message 112 to peer 0x138008000 (13 bytes)
1748623835.522585 sending message 112 to peer 0x138008000 (13 bytes)
1748623835.522590 sending message 112 to peer 0x138008000 (13 bytes)
1748623835.522594 sending message 112 to peer 0x138008000 (13 bytes)
1748623835.522598 sending message 112 to peer 0x138008000 (13 bytes)
1748623835.522614 sending message 112 to peer 0x138008000 (12 bytes)
1748623835.522618 sending message 112 to peer 0x138008000 (10 bytes)
1748623835.522623 sending message 112 to peer 0x138008000 (12 bytes)
1748623835.522627 sending message 112 to peer 0x138008000 (12 bytes)
1748623835.522632 sending message 112 to peer 0x138008000 (12 bytes)
1748623835.522636 sending message 112 to peer 0x138008000 (13 bytes)
1748623835.522640 sending message 112 to peer 0x138008000 (13 bytes)
1748623835.522644 sending message 112 to peer 0x138008000 (13 bytes)
1748623835.522649 sending message 112 to peer 0x138008000 (13 bytes)
1748623835.522653 sending message 112 to peer 0x138008000 (13 bytes)
1748623835.522658 sending message 112 to peer 0x138008000 (13 bytes)
1748623835.522662 sending message 112 to peer 0x138008000 (13 bytes)
1748623835.522667 sending message 112 to peer 0x138008000 (10 bytes)
1748623835.522671 sending message 112 to peer 0x138008000 (13 bytes)
1748623835.522675 sending message 112 to peer 0x138008000 (12 bytes)
1748623835.522679 sending message 112 to peer 0x138008000 (12 bytes)
1748623835.522683 sending message 112 to peer 0x138008000 (12 bytes)
1748623835.522688 sending message 112 to peer 0x138008000 (10 bytes)
1748623835.522692 sending message 112 to peer 0x138008000 (10 bytes)
1748623835.522696 sending message 112 to peer 0x138008000 (10 bytes)
1748623835.522700 sending message 112 to peer 0x138008000 (12 bytes)
1748623835.522705 sending message 112 to peer 0x138008000 (13 bytes)
1748623835.522709 sending message 112 to peer 0x138008000 (13 bytes)
1748623835.522713 sending message 112 to peer 0x138008000 (13 bytes)
1748623835.522718 sending message 112 to peer 0x138008000 (13 bytes)
1748623835.522722 sending message 112 to peer 0x138008000 (13 bytes)
1748623835.522727 sending message 112 to peer 0x138008000 (10 bytes)
1748623835.522731 sending message 112 to peer 0x138008000 (11 bytes)
1748623835.522735 sending message 112 to peer 0x138008000 (12 bytes)
1748623835.522740 sending message 112 to peer 0x138008000 (12 bytes)
1748623835.522744 sending message 112 to peer 0x138008000 (12 bytes)
1748623835.522748 sending message 112 to peer 0x138008000 (12 bytes)
1748623835.522753 sending message 112 to peer 0x138008000 (12 bytes)
1748623835.522757 sending message 112 to peer 0x138008000 (11 bytes)
1748623835.522761 sending message 112 to peer 0x138008000 (12 bytes)
1748623835.522766 sending message 112 to peer 0x138008000 (12 bytes)
1748623835.522770 sending message 112 to peer 0x138008000 (13 bytes)
1748623835.522774 sending message 112 to peer 0x138008000 (13 bytes)
1748623835.522778 sending message 112 to peer 0x138008000 (13 bytes)
1748623835.522783 sending message 112 to peer 0x138008000 (13 bytes)
1748623835.522787 sending message 112 to peer 0x138008000 (13 bytes)
1748623835.522792 sending message 112 to peer 0x138008000 (10 bytes)
1748623835.522797 sending message 112 to peer 0x138008000 (9 bytes)
1748623835.522801 sending message 112 to peer 0x138008000 (12 bytes)
1748623835.522805 sending message 112 to peer 0x138008000 (13 bytes)
1748623835.522809 sending message 112 to peer 0x138008000 (13 bytes)
1748623835.522813 sending message 112 to peer 0x138008000 (13 bytes)
1748623835.522817 sending message 112 to peer 0x138008000 (13 bytes)
1748623835.522821 sending message 112 to peer 0x138008000 (13 bytes)
1748623835.522825 sending message 112 to peer 0x138008000 (9 bytes)
1748623835.522830 sending message 112 to peer 0x138008000 (12 bytes)
1748623835.522834 sending message 112 to peer 0x138008000 (13 bytes)
1748623835.522838 sending message 112 to peer 0x138008000 (13 bytes)
1748623835.522842 sending message 112 to peer 0x138008000 (13 bytes)
1748623835.522846 sending message 112 to peer 0x138008000 (13 bytes)
1748623835.522850 sending message 112 to peer 0x138008000 (13 bytes)
1748623835.522861 sending message 112 to peer 0x138008000 (11 bytes)
1748623835.522866 sending message 112 to peer 0x138008000 (12 bytes)
1748623835.522870 sending message 112 to peer 0x138008000 (13 bytes)
1748623835.522874 sending message 112 to peer 0x138008000 (13 bytes)
1748623835.522878 sending message 112 to peer 0x138008000 (13 bytes)
1748623835.522883 sending message 112 to peer 0x138008000 (13 bytes)
1748623835.522887 sending message 112 to peer 0x138008000 (13 bytes)
1748623835.522891 sending message 112 to peer 0x138008000 (11 bytes)
1748623835.522895 sending message 112 to peer 0x138008000 (12 bytes)
1748623835.522899 sending message 112 to peer 0x138008000 (12 bytes)
1748623835.522904 sending message 112 to peer 0x138008000 (12 bytes)
1748623835.522908 sending message 112 to peer 0x138008000 (12 bytes)
1748623835.522912 sending message 112 to peer 0x138008000 (12 bytes)
1748623835.522916 sending message 112 to peer 0x138008000 (21 bytes)
1748623835.522920 sending message 112 to peer 0x138008000 (12 bytes)
1748623835.522924 sending message 112 to peer 0x138008000 (9 bytes)
1748623835.522929 sending message 112 to peer 0x138008000 (6 bytes)
1748623835.522933 sending message 112 to peer 0x138008000 (13 bytes)
1748623835.522937 sending message 112 to peer 0x138008000 (10 bytes)
1748623835.522941 sending message 112 to peer 0x138008000 (15 bytes)
1748623835.522945 sending message 112 to peer 0x138008000 (13 bytes)
1748623835.522950 sending message 112 to peer 0x138008000 (9 bytes)
1748623835.522954 sending message 112 to peer 0x138008000 (70 bytes)
1748623835.522958 sending message 112 to peer 0x138008000 (69 bytes)
1748623835.522962 sending message 112 to peer 0x138008000 (12 bytes)
1748623835.522966 sending message 112 to peer 0x138008000 (10 bytes)
1748623835.522971 sending message 112 to peer 0x138008000 (10 bytes)
1748623835.522975 sending message 112 to peer 0x138008000 (15 bytes)
1748623835.522979 sending message 112 to peer 0x138008000 (13 bytes)
1748623835.522983 sending message 112 to peer 0x138008000 (10 bytes)
1748623835.522987 sending message 112 to peer 0x138008000 (10 bytes)
1748623835.522992 sending message 112 to peer 0x138008000 (13 bytes)
1748623835.522996 sending message 112 to peer 0x138008000 (15 bytes)
1748623835.523000 sending message 112 to peer 0x138008000 (5 bytes)
1748623835.523006 sending message 104 to peer 0x138008000 (0 bytes)
1748623835.523011 sending message 110 to peer 0x138008000 (0 bytes)
1748623835.523016 sending message 107 to peer 0x138008000 (4 bytes)
1748623835.523020 sending message 105 to peer 0x138008000 (83 bytes)
1748623835.523024 sending message 105 to peer 0x138008000 (87 bytes)
1748623835.523029 sending message 105 to peer 0x138008000 (31 bytes)
1748623835.523033 sending message 105 to peer 0x138008000 (20 bytes)
1748623835.523037 sending message 105 to peer 0x138008000 (22 bytes)
1748623835.523041 sending message 105 to peer 0x138008000 (18 bytes)
1748623835.523045 sending message 105 to peer 0x138008000 (15 bytes)
1748623835.523050 sending message 105 to peer 0x138008000 (14 bytes)
1748623835.523054 sending message 105 to peer 0x138008000 (524 bytes)
1748623835.523059 sending message 105 to peer 0x138008000 (15 bytes)
1748623835.523063 sending message 105 to peer 0x138008000 (66 bytes)
1748623835.523067 sending message 105 to peer 0x138008000 (20 bytes)
1748623835.523071 sending message 105 to peer 0x138008000 (57 bytes)
1748623835.523076 sending message 105 to peer 0x138008000 (11 bytes)
1748623835.523080 sending message 105 to peer 0x138008000 (20 bytes)
1748623835.523084 sending message 105 to peer 0x138008000 (14 bytes)
1748623835.523088 sending message 105 to peer 0x138008000 (19 bytes)
1748623835.523092 sending message 105 to peer 0x138008000 (35 bytes)
1748623835.523096 sending message 105 to peer 0x138008000 (32 bytes)
1748623835.523101 sending message 105 to peer 0x138008000 (8 bytes)
1748623835.523105 sending message 105 to peer 0x138008000 (28 bytes)
1748623835.523109 sending message 105 to peer 0x138008000 (20 bytes)
1748623835.523122 sending message 105 to peer 0x138008000 (36 bytes)
1748623835.523127 sending message 105 to peer 0x138008000 (12 bytes)
1748623835.523131 sending message 105 to peer 0x138008000 (76 bytes)
1748623835.523136 sending message 105 to peer 0x138008000 (53 bytes)
1748623835.523140 sending message 105 to peer 0x138008000 (14 bytes)
1748623835.523144 sending message 105 to peer 0x138008000 (158 bytes)
1748623835.523149 sending message 105 to peer 0x138008000 (119 bytes)
1748623835.523153 sending message 105 to peer 0x138008000 (247 bytes)
1748623835.523158 sending message 105 to peer 0x138008000 (58 bytes)
1748623835.523162 sending message 105 to peer 0x138008000 (69 bytes)
1748623835.523166 sending message 105 to peer 0x138008000 (25 bytes)
1748623835.523170 sending message 105 to peer 0x138008000 (29 bytes)
1748623835.523175 sending message 105 to peer 0x138008000 (30 bytes)
1748623835.523179 sending message 105 to peer 0x138008000 (37 bytes)
1748623835.523183 sending message 105 to peer 0x138008000 (70 bytes)
1748623835.523187 sending message 105 to peer 0x138008000 (35 bytes)
1748623835.523191 sending message 105 to peer 0x138008000 (28 bytes)
1748623835.523196 sending message 105 to peer 0x138008000 (21 bytes)
1748623835.523203 sending message 105 to peer 0x138008000 (18 bytes)
1748623835.523208 sending message 105 to peer 0x138008000 (12 bytes)
1748623835.523212 sending message 105 to peer 0x138008000 (31 bytes)
1748623835.523216 sending message 105 to peer 0x138008000 (79 bytes)
1748623835.523221 sending message 105 to peer 0x138008000 (10 bytes)
1748623835.523225 sending message 105 to peer 0x138008000 (1715 bytes)
1748623835.523230 sending message 105 to peer 0x138008000 (17 bytes)
1748623835.523234 sending message 105 to peer 0x138008000 (21 bytes)
1748623835.523238 sending message 105 to peer 0x138008000 (46 bytes)
1748623835.523242 sending message 105 to peer 0x138008000 (48 bytes)
1748623835.523247 sending message 105 to peer 0x138008000 (21 bytes)
1748623835.523251 sending message 105 to peer 0x138008000 (47 bytes)
1748623835.523255 sending message 105 to peer 0x138008000 (34 bytes)
1748623835.523259 sending message 105 to peer 0x138008000 (42 bytes)
1748623835.523263 sending message 105 to peer 0x138008000 (38 bytes)
1748623835.523267 sending message 105 to peer 0x138008000 (21 bytes)
1748623835.523272 sending message 105 to peer 0x138008000 (42 bytes)
1748623835.523276 sending message 105 to peer 0x138008000 (38 bytes)
1748623835.523280 sending message 105 to peer 0x138008000 (35 bytes)
1748623835.523284 sending message 105 to peer 0x138008000 (96 bytes)
1748623835.523289 sending message 105 to peer 0x138008000 (25 bytes)
1748623835.523293 sending message 105 to peer 0x138008000 (10 bytes)
1748623835.523297 sending message 105 to peer 0x138008000 (26 bytes)
1748623835.523301 sending message 105 to peer 0x138008000 (22 bytes)
1748623835.523317 sending message 105 to peer 0x138008000 (12 bytes)
1748623835.523321 sending message 105 to peer 0x138008000 (22 bytes)
1748623835.523325 sending message 105 to peer 0x138008000 (37 bytes)
1748623835.523329 sending message 106 to peer 0x138008000 (0 bytes)
1748623835.523436 sending message 200 to peer 0x138008000 (4 bytes)
1748623835.523444 client loop enter
1748623835.526668 peer 0x138008000 message 207
1748623835.526677 sending message 208 to peer 0x138008000 (0 bytes)
1748623835.538764 peer 0x138008000 message 203
1748623835.538801 sending message 205 to peer 0x138008000 (0 bytes)
1748623835.539038 peer 0x138008000 message 204
1748623835.539076 client loop exit
